New log file opened at Mon Nov 23 22:28:54 JST 2015 by 30876@Nine-PC.local
Sending msg to client play-fork-run-7ec91b57-e009-488d-aa3e-928801b82a0a: DetachedLogEvent(LogMessage(debug,sbt client logs are in: /Users/Nine/Documents/learnspace/playing-reactjs/.sbtserver/connections/play-fork-run-7ec91b57-e009-488d-aa3e-928801b82a0a.log))
Sending msg to client play-fork-run-7ec91b57-e009-488d-aa3e-928801b82a0a: DetachedLogEvent(LogMessage(debug,sbt server socket logs are in: /Users/Nine/Documents/learnspace/playing-reactjs/.sbtserver/connections/master.log))
Reading next message from client.
Client play-fork-run-7ec91b57-e009-488d-aa3e-928801b82a0a EOF, shutting down.
Stopping client.
Dropping message DetachedLogEvent(LogMessage(debug,sbt server socket logs are in: /Users/Nine/Documents/learnspace/playing-reactjs/.sbtserver/connections/master.log)) because client play-fork-run-7ec91b57-e009-488d-aa3e-928801b82a0a of an exception serializing and sending: java.net.SocketException: Broken pipe
stack trace sending message was 
java.net.SocketException: Broken pipe
	at java.net.SocketOutputStream.socketWrite0(Native Method)
	at java.net.SocketOutputStream.socketWrite(SocketOutputStream.java:109)
	at java.net.SocketOutputStream.write(SocketOutputStream.java:153)
	at java.io.BufferedOutputStream.flushBuffer(BufferedOutputStream.java:82)
	at java.io.BufferedOutputStream.flush(BufferedOutputStream.java:140)
	at java.io.DataOutputStream.flush(DataOutputStream.java:123)
	at sbt.impl.ipc.Peer.send(IPC.scala:79)
	at sbt.impl.ipc.Peer.send(IPC.scala:83)
	at sbt.impl.ipc.Peer.sendString(IPC.scala:106)
	at sbt.impl.ipc.Peer.sendJson(IPC.scala:119)
	at sbt.server.SbtClientHandler$$anonfun$send$1.apply$mcV$sp(SbtClientHandler.scala:128)
	at sbt.server.SbtClientHandler.wrappedSend(SbtClientHandler.scala:113)
	at sbt.server.SbtClientHandler.send(SbtClientHandler.scala:128)
	at sbt.server.SbtServerSocketHandler$$anon$1.run(SbtServerSocketHandler.scala:93)
Dropping message DetachedLogEvent(LogMessage(debug,sbt general server logs are in: /Users/Nine/Documents/learnspace/playing-reactjs/.sbtserver/master.log)) to dead client play-fork-run-7ec91b57-e009-488d-aa3e-928801b82a0a
Dropping message (0,ReceivedResponse()) to dead client play-fork-run-7ec91b57-e009-488d-aa3e-928801b82a0a
Client play-fork-run-7ec91b57-e009-488d-aa3e-928801b82a0a thread exiting.
